execve("./eglvendor", ["./eglvendor"], 0x7fffb80e7360 /* 58 vars */) = 0
brk(NULL)                               = 0x560fbc1f7000
access("/etc/ld.so.nohwcap", F_OK)      = -1 ENOENT (No such file or directory)
access("/etc/ld.so.preload", R_OK)      = -1 ENOENT (No such file or directory)
openat(AT_FDCWD, "/etc/ld.so.cache", O_RDONLY|O_CLOEXEC) = 3
fstat(3, {st_mode=S_IFREG|0644, st_size=150114, ...}) = 0
mmap(NULL, 150114, PROT_READ, MAP_PRIVATE, 3, 0) = 0x7f696af01000
close(3)                                = 0
access("/etc/ld.so.nohwcap", F_OK)      = -1 ENOENT (No such file or directory)
openat(AT_FDCWD, "/usr/lib/x86_64-linux-gnu/libX11.so.6", O_RDONLY|O_CLOEXEC) = 3
read(3, "\177ELF\2\1\1\0\0\0\0\0\0\0\0\0\3\0>\0\1\0\0\0\300\207\1\0\0\0\0\0"..., 832) = 832
fstat(3, {st_mode=S_IFREG|0644, st_size=1277384, ...}) = 0
mmap(NULL, 8192, PROT_READ|PROT_WRITE, MAP_PRIVATE|MAP_ANONYMOUS, -1, 0) = 0x7f696aeff000
mmap(NULL, 3374392, PROT_READ|PROT_EXEC, MAP_PRIVATE|MAP_DENYWRITE, 3, 0) = 0x7f696a9c5000
mprotect(0x7f696aaf8000, 2097152, PROT_NONE) = 0
mmap(0x7f696acf8000, 20480, PROT_READ|PROT_WRITE, MAP_PRIVATE|MAP_FIXED|MAP_DENYWRITE, 3, 0x133000) = 0x7f696acf8000
close(3)                                = 0
access("/etc/ld.so.nohwcap", F_OK)      = -1 ENOENT (No such file or directory)
openat(AT_FDCWD, "/usr/local/lib/libEGL.so.1", O_RDONLY|O_CLOEXEC) = 3
read(3, "\177ELF\2\1\1\0\0\0\0\0\0\0\0\0\3\0>\0\1\0\0\0\200,\0\0\0\0\0\0"..., 832) = 832
fstat(3, {st_mode=S_IFREG|0755, st_size=124928, ...}) = 0
mmap(NULL, 2201392, PROT_READ|PROT_EXEC, MAP_PRIVATE|MAP_DENYWRITE, 3, 0) = 0x7f696a7ab000
mprotect(0x7f696a7c4000, 2093056, PROT_NONE) = 0
mmap(0x7f696a9c3000, 8192, PROT_READ|PROT_WRITE, MAP_PRIVATE|MAP_FIXED|MAP_DENYWRITE, 3, 0x18000) = 0x7f696a9c3000
close(3)                                = 0
access("/etc/ld.so.nohwcap", F_OK)      = -1 ENOENT (No such file or directory)
openat(AT_FDCWD, "/lib/x86_64-linux-gnu/libc.so.6", O_RDONLY|O_CLOEXEC) = 3
read(3, "\177ELF\2\1\1\3\0\0\0\0\0\0\0\0\3\0>\0\1\0\0\0\240\35\2\0\0\0\0\0"..., 832) = 832
fstat(3, {st_mode=S_IFREG|0755, st_size=2030928, ...}) = 0
mmap(NULL, 4131552, PROT_READ|PROT_EXEC, MAP_PRIVATE|MAP_DENYWRITE, 3, 0) = 0x7f696a3ba000
mprotect(0x7f696a5a1000, 2097152, PROT_NONE) = 0
mmap(0x7f696a7a1000, 24576, PROT_READ|PROT_WRITE, MAP_PRIVATE|MAP_FIXED|MAP_DENYWRITE, 3, 0x1e7000) = 0x7f696a7a1000
mmap(0x7f696a7a7000, 15072, PROT_READ|PROT_WRITE, MAP_PRIVATE|MAP_FIXED|MAP_ANONYMOUS, -1, 0) = 0x7f696a7a7000
close(3)                                = 0
access("/etc/ld.so.nohwcap", F_OK)      = -1 ENOENT (No such file or directory)
openat(AT_FDCWD, "/usr/lib/x86_64-linux-gnu/libxcb.so.1", O_RDONLY|O_CLOEXEC) = 3
read(3, "\177ELF\2\1\1\0\0\0\0\0\0\0\0\0\3\0>\0\1\0\0\0P\261\0\0\0\0\0\0"..., 832) = 832
fstat(3, {st_mode=S_IFREG|0644, st_size=162232, ...}) = 0
mmap(NULL, 2257576, PROT_READ|PROT_EXEC, MAP_PRIVATE|MAP_DENYWRITE, 3, 0) = 0x7f696a192000
mprotect(0x7f696a1b8000, 2097152, PROT_NONE) = 0
mmap(0x7f696a3b8000, 8192, PROT_READ|PROT_WRITE, MAP_PRIVATE|MAP_FIXED|MAP_DENYWRITE, 3, 0x26000) = 0x7f696a3b8000
close(3)                                = 0
access("/etc/ld.so.nohwcap", F_OK)      = -1 ENOENT (No such file or directory)
openat(AT_FDCWD, "/lib/x86_64-linux-gnu/libdl.so.2", O_RDONLY|O_CLOEXEC) = 3
read(3, "\177ELF\2\1\1\0\0\0\0\0\0\0\0\0\3\0>\0\1\0\0\0P\16\0\0\0\0\0\0"..., 832) = 832
fstat(3, {st_mode=S_IFREG|0644, st_size=14560, ...}) = 0
mmap(NULL, 2109712, PROT_READ|PROT_EXEC, MAP_PRIVATE|MAP_DENYWRITE, 3, 0) = 0x7f6969f8e000
mprotect(0x7f6969f91000, 2093056, PROT_NONE) = 0
mmap(0x7f696a190000, 8192, PROT_READ|PROT_WRITE, MAP_PRIVATE|MAP_FIXED|MAP_DENYWRITE, 3, 0x2000) = 0x7f696a190000
close(3)                                = 0
access("/etc/ld.so.nohwcap", F_OK)      = -1 ENOENT (No such file or directory)
openat(AT_FDCWD, "/usr/local/lib/libGLdispatch.so.0", O_RDONLY|O_CLOEXEC) = 3
read(3, "\177ELF\2\1\1\0\0\0\0\0\0\0\0\0\3\0>\0\1\0\0\0@\2\4\0\0\0\0\0"..., 832) = 832
fstat(3, {st_mode=S_IFREG|0755, st_size=1028672, ...}) = 0
mmap(NULL, 2843600, PROT_READ|PROT_EXEC, MAP_PRIVATE|MAP_DENYWRITE, 3, 0) = 0x7f6969cd7000
mprotect(0x7f6969d6a000, 2093056, PROT_NONE) = 0
mmap(0x7f6969f69000, 118784, PROT_READ|PROT_WRITE, MAP_PRIVATE|MAP_FIXED|MAP_DENYWRITE, 3, 0x92000) = 0x7f6969f69000
mmap(0x7f6969f86000, 29648, PROT_READ|PROT_WRITE, MAP_PRIVATE|MAP_FIXED|MAP_ANONYMOUS, -1, 0) = 0x7f6969f86000
close(3)                                = 0
access("/etc/ld.so.nohwcap", F_OK)      = -1 ENOENT (No such file or directory)
openat(AT_FDCWD, "/usr/lib/x86_64-linux-gnu/libXau.so.6", O_RDONLY|O_CLOEXEC) = 3
read(3, "\177ELF\2\1\1\0\0\0\0\0\0\0\0\0\3\0>\0\1\0\0\0\240\r\0\0\0\0\0\0"..., 832) = 832
fstat(3, {st_mode=S_IFREG|0644, st_size=14440, ...}) = 0
mmap(NULL, 8192, PROT_READ|PROT_WRITE, MAP_PRIVATE|MAP_ANONYMOUS, -1, 0) = 0x7f696aefd000
mmap(NULL, 2109704, PROT_READ|PROT_EXEC, MAP_PRIVATE|MAP_DENYWRITE, 3, 0) = 0x7f6969ad3000
mprotect(0x7f6969ad5000, 2097152, PROT_NONE) = 0
mmap(0x7f6969cd5000, 8192, PROT_READ|PROT_WRITE, MAP_PRIVATE|MAP_FIXED|MAP_DENYWRITE, 3, 0x2000) = 0x7f6969cd5000
close(3)                                = 0
access("/etc/ld.so.nohwcap", F_OK)      = -1 ENOENT (No such file or directory)
openat(AT_FDCWD, "/usr/lib/x86_64-linux-gnu/libXdmcp.so.6", O_RDONLY|O_CLOEXEC) = 3
read(3, "\177ELF\2\1\1\0\0\0\0\0\0\0\0\0\3\0>\0\1\0\0\0\20\21\0\0\0\0\0\0"..., 832) = 832
fstat(3, {st_mode=S_IFREG|0644, st_size=22616, ...}) = 0
mmap(NULL, 2117760, PROT_READ|PROT_EXEC, MAP_PRIVATE|MAP_DENYWRITE, 3, 0) = 0x7f69698cd000
mprotect(0x7f69698d2000, 2093056, PROT_NONE) = 0
mmap(0x7f6969ad1000, 8192, PROT_READ|PROT_WRITE, MAP_PRIVATE|MAP_FIXED|MAP_DENYWRITE, 3, 0x4000) = 0x7f6969ad1000
close(3)                                = 0
access("/etc/ld.so.nohwcap", F_OK)      = -1 ENOENT (No such file or directory)
openat(AT_FDCWD, "/lib/x86_64-linux-gnu/libbsd.so.0", O_RDONLY|O_CLOEXEC) = 3
read(3, "\177ELF\2\1\1\0\0\0\0\0\0\0\0\0\3\0>\0\1\0\0\0P4\0\0\0\0\0\0"..., 832) = 832
fstat(3, {st_mode=S_IFREG|0644, st_size=80104, ...}) = 0
mmap(NULL, 2179152, PROT_READ|PROT_EXEC, MAP_PRIVATE|MAP_DENYWRITE, 3, 0) = 0x7f69696b8000
mprotect(0x7f69696cb000, 2093056, PROT_NONE) = 0
mmap(0x7f69698ca000, 8192, PROT_READ|PROT_WRITE, MAP_PRIVATE|MAP_FIXED|MAP_DENYWRITE, 3, 0x12000) = 0x7f69698ca000
mmap(0x7f69698cc000, 80, PROT_READ|PROT_WRITE, MAP_PRIVATE|MAP_FIXED|MAP_ANONYMOUS, -1, 0) = 0x7f69698cc000
close(3)                                = 0
access("/etc/ld.so.nohwcap", F_OK)      = -1 ENOENT (No such file or directory)
openat(AT_FDCWD, "/lib/x86_64-linux-gnu/librt.so.1", O_RDONLY|O_CLOEXEC) = 3
read(3, "\177ELF\2\1\1\0\0\0\0\0\0\0\0\0\3\0>\0\1\0\0\0\0\"\0\0\0\0\0\0"..., 832) = 832
fstat(3, {st_mode=S_IFREG|0644, st_size=31680, ...}) = 0
mmap(NULL, 2128864, PROT_READ|PROT_EXEC, MAP_PRIVATE|MAP_DENYWRITE, 3, 0) = 0x7f69694b0000
mprotect(0x7f69694b7000, 2093056, PROT_NONE) = 0
mmap(0x7f69696b6000, 8192, PROT_READ|PROT_WRITE, MAP_PRIVATE|MAP_FIXED|MAP_DENYWRITE, 3, 0x6000) = 0x7f69696b6000
close(3)                                = 0
access("/etc/ld.so.nohwcap", F_OK)      = -1 ENOENT (No such file or directory)
openat(AT_FDCWD, "/lib/x86_64-linux-gnu/libpthread.so.0", O_RDONLY|O_CLOEXEC) = 3
read(3, "\177ELF\2\1\1\0\0\0\0\0\0\0\0\0\3\0>\0\1\0\0\0000b\0\0\0\0\0\0"..., 832) = 832
fstat(3, {st_mode=S_IFREG|0755, st_size=144976, ...}) = 0
mmap(NULL, 2221184, PROT_READ|PROT_EXEC, MAP_PRIVATE|MAP_DENYWRITE, 3, 0) = 0x7f6969291000
mprotect(0x7f69692ab000, 2093056, PROT_NONE) = 0
mmap(0x7f69694aa000, 8192, PROT_READ|PROT_WRITE, MAP_PRIVATE|MAP_FIXED|MAP_DENYWRITE, 3, 0x19000) = 0x7f69694aa000
mmap(0x7f69694ac000, 13440, PROT_READ|PROT_WRITE, MAP_PRIVATE|MAP_FIXED|MAP_ANONYMOUS, -1, 0) = 0x7f69694ac000
close(3)                                = 0
mmap(NULL, 8192, PROT_READ|PROT_WRITE, MAP_PRIVATE|MAP_ANONYMOUS, -1, 0) = 0x7f696aefb000
mmap(NULL, 12288, PROT_READ|PROT_WRITE, MAP_PRIVATE|MAP_ANONYMOUS, -1, 0) = 0x7f696aef8000
arch_prctl(ARCH_SET_FS, 0x7f696aef8740) = 0
mprotect(0x7f696a7a1000, 16384, PROT_READ) = 0
mprotect(0x7f69694aa000, 4096, PROT_READ) = 0
mprotect(0x7f69696b6000, 4096, PROT_READ) = 0
mprotect(0x7f69698ca000, 4096, PROT_READ) = 0
mprotect(0x7f6969ad1000, 4096, PROT_READ) = 0
mprotect(0x7f6969cd5000, 4096, PROT_READ) = 0
mprotect(0x7f696a190000, 4096, PROT_READ) = 0
mprotect(0x7f6969f69000, 114688, PROT_READ) = 0
mprotect(0x7f696a3b8000, 4096, PROT_READ) = 0
mprotect(0x7f696a9c3000, 4096, PROT_READ) = 0
mprotect(0x7f696acf8000, 4096, PROT_READ) = 0
mprotect(0x560fba4b4000, 4096, PROT_READ) = 0
mprotect(0x7f696af26000, 4096, PROT_READ) = 0
munmap(0x7f696af01000, 150114)          = 0
set_tid_address(0x7f696aef8a10)         = 2018
set_robust_list(0x7f696aef8a20, 24)     = 0
rt_sigaction(SIGRTMIN, {sa_handler=0x7f6969296cb0, sa_mask=[], sa_flags=SA_RESTORER|SA_SIGINFO, sa_restorer=0x7f69692a3980}, NULL, 8) = 0
rt_sigaction(SIGRT_1, {sa_handler=0x7f6969296d50, sa_mask=[], sa_flags=SA_RESTORER|SA_RESTART|SA_SIGINFO, sa_restorer=0x7f69692a3980}, NULL, 8) = 0
rt_sigprocmask(SIG_UNBLOCK, [RTMIN RT_1], NULL, 8) = 0
prlimit64(0, RLIMIT_STACK, NULL, {rlim_cur=8192*1024, rlim_max=RLIM64_INFINITY}) = 0
futex(0x7f696a1910c8, FUTEX_WAKE_PRIVATE, 2147483647) = 0
brk(NULL)                               = 0x560fbc1f7000
brk(0x560fbc218000)                     = 0x560fbc218000
socket(AF_UNIX, SOCK_STREAM|SOCK_CLOEXEC, 0) = 3
connect(3, {sa_family=AF_UNIX, sun_path=@"/tmp/.X11-unix/X0"}, 20) = 0
getpeername(3, {sa_family=AF_UNIX, sun_path=@"/tmp/.X11-unix/X0"}, [124->20]) = 0
uname({sysname="Linux", nodename="zhiganggao-LC0", ...}) = 0
access("/run/user/1000/gdm/Xauthority", R_OK) = 0
openat(AT_FDCWD, "/run/user/1000/gdm/Xauthority", O_RDONLY) = 4
fstat(4, {st_mode=S_IFREG|0700, st_size=116, ...}) = 0
read(4, "\1\0\0\16zhiganggao-LC0\0\0\0\22MIT-MAGIC-"..., 4096) = 116
read(4, "", 4096)                       = 0
close(4)                                = 0
getsockname(3, {sa_family=AF_UNIX}, [124->2]) = 0
fcntl(3, F_GETFL)                       = 0x2 (flags O_RDWR)
fcntl(3, F_SETFL, O_RDWR|O_NONBLOCK)    = 0
fcntl(3, F_SETFD, FD_CLOEXEC)           = 0
poll([{fd=3, events=POLLIN|POLLOUT}], 1, -1) = 1 ([{fd=3, revents=POLLOUT}])
writev(3, [{iov_base="l\0\v\0\0\0\22\0\20\0\0\0", iov_len=12}, {iov_base="", iov_len=0}, {iov_base="MIT-MAGIC-COOKIE-1", iov_len=18}, {iov_base="\0\0", iov_len=2}, {iov_base="\305Y\211\362\316\24\242\\\236\306\206\255\3055eE", iov_len=16}, {iov_base="", iov_len=0}], 6) = 48
recvfrom(3, 0x560fbc1fa3f0, 8, 0, NULL, NULL) = -1 EAGAIN (Resource temporarily unavailable)
poll([{fd=3, events=POLLIN}], 1, -1)    = 1 ([{fd=3, revents=POLLIN}])
recvfrom(3, "\1\0\v\0\0\0K\3", 8, 0, NULL, NULL) = 8
recvfrom(3, "@:\267\0\0\0@\5\377\377\37\0\0\1\0\0\24\0\377\377\1\7\0\0  \10\377\0\0\0\0"..., 3372, 0, NULL, NULL) = 3372
poll([{fd=3, events=POLLIN|POLLOUT}], 1, -1) = 1 ([{fd=3, revents=POLLOUT}])
writev(3, [{iov_base="b\0\5\0\f\0\0\0BIG-REQUESTS", iov_len=20}], 1) = 20
poll([{fd=3, events=POLLIN}], 1, -1)    = 1 ([{fd=3, revents=POLLIN}])
recvmsg(3, {msg_name=NULL, msg_namelen=0, msg_iov=[{iov_base="\1\0\1\0\0\0\0\0\1\205\0\0\0\0\0\0\0\0\0\0\0\0\0\0\0\0\0\0\0\0\0\0", iov_len=4096}], msg_iovlen=1, msg_controllen=0, msg_flags=0}, 0) = 32
poll([{fd=3, events=POLLIN|POLLOUT}], 1, -1) = 1 ([{fd=3, revents=POLLOUT}])
writev(3, [{iov_base="\205\0\1\0", iov_len=4}], 1) = 4
poll([{fd=3, events=POLLIN}], 1, -1)    = 1 ([{fd=3, revents=POLLIN}])
recvmsg(3, {msg_name=NULL, msg_namelen=0, msg_iov=[{iov_base="\1\0\2\0\0\0\0\0\377\377?\0\0\0\0\0\0\0\0\0\0\0\0\0\0\0\0\0\0\0\0\0", iov_len=4096}], msg_iovlen=1, msg_controllen=0, msg_flags=0}, 0) = 32
recvmsg(3, {msg_namelen=0}, 0)          = -1 EAGAIN (Resource temporarily unavailable)
poll([{fd=3, events=POLLIN|POLLOUT}], 1, -1) = 1 ([{fd=3, revents=POLLOUT}])
writev(3, [{iov_base="7\0\5\0\0\0@\5\330\1\0\0\10\0\0\0\377\377\377\0\24\0\6\0\330\1\0\0\27\0\0\0"..., iov_len=44}, {iov_base=NULL, iov_len=0}, {iov_base="", iov_len=0}], 3) = 44
poll([{fd=3, events=POLLIN}], 1, -1)    = 1 ([{fd=3, revents=POLLIN}])
recvmsg(3, {msg_name=NULL, msg_namelen=0, msg_iov=[{iov_base="\1\10\4\0&\0\0\0\37\0\0\0\0\0\0\0\225\0\0\0\0\0\0\0\0\0\0\0\0\0\0\0"..., iov_len=4096}], msg_iovlen=1, msg_controllen=0, msg_flags=0}, 0) = 184
recvmsg(3, {msg_namelen=0}, 0)          = -1 EAGAIN (Resource temporarily unavailable)
poll([{fd=3, events=POLLIN|POLLOUT}], 1, -1) = 1 ([{fd=3, revents=POLLOUT}])
writev(3, [{iov_base="b\0\5\0\t\0@\5", iov_len=8}, {iov_base="XKEYBOARD", iov_len=9}, {iov_base="\0\0\0", iov_len=3}], 3) = 20
poll([{fd=3, events=POLLIN}], 1, -1)    = 1 ([{fd=3, revents=POLLIN}])
recvmsg(3, {msg_name=NULL, msg_namelen=0, msg_iov=[{iov_base="\1\0\5\0\0\0\0\0\1\207U\211\0\0\0\0\0\0\0\0\0\0\0\0\0\0\0\0\0\0\0\0", iov_len=4096}], msg_iovlen=1, msg_controllen=0, msg_flags=0}, 0) = 32
recvmsg(3, {msg_namelen=0}, 0)          = -1 EAGAIN (Resource temporarily unavailable)
recvmsg(3, {msg_namelen=0}, 0)          = -1 EAGAIN (Resource temporarily unavailable)
poll([{fd=3, events=POLLIN|POLLOUT}], 1, -1) = 1 ([{fd=3, revents=POLLOUT}])
writev(3, [{iov_base="\207\0\2\0\1\0\0\0", iov_len=8}, {iov_base=NULL, iov_len=0}, {iov_base="", iov_len=0}], 3) = 8
poll([{fd=3, events=POLLIN}], 1, -1)    = 1 ([{fd=3, revents=POLLIN}])
recvmsg(3, {msg_name=NULL, msg_namelen=0, msg_iov=[{iov_base="\1\1\6\0\0\0\0\0\1\0\0\0\0\0\0\0\0\0\0\0\0\0\0\0\0\0\0\0\0\0\0\0", iov_len=4096}], msg_iovlen=1, msg_controllen=0, msg_flags=0}, 0) = 32
recvmsg(3, {msg_namelen=0}, 0)          = -1 EAGAIN (Resource temporarily unavailable)
recvmsg(3, {msg_namelen=0}, 0)          = -1 EAGAIN (Resource temporarily unavailable)
getpid()                                = 2018
getuid()                                = 1000
geteuid()                               = 1000
getgid()                                = 1000
getegid()                               = 1000
getuid()                                = 1000
geteuid()                               = 1000
getgid()                                = 1000
getegid()                               = 1000
openat(AT_FDCWD, "/usr/local/etc/glvnd/egl_vendor.d", O_RDONLY|O_NONBLOCK|O_CLOEXEC|O_DIRECTORY) = -1 ENOENT (No such file or directory)
openat(AT_FDCWD, "/usr/local/share/glvnd/egl_vendor.d", O_RDONLY|O_NONBLOCK|O_CLOEXEC|O_DIRECTORY) = 4
fstat(4, {st_mode=S_IFDIR|0755, st_size=4096, ...}) = 0
getdents(4, /* 3 entries */, 32768)     = 88
getdents(4, /* 0 entries */, 32768)     = 0
close(4)                                = 0
openat(AT_FDCWD, "/usr/local/share/glvnd/egl_vendor.d/10_nvidia.json", O_RDONLY) = 4
fstat(4, {st_mode=S_IFREG|0644, st_size=0, ...}) = 0
close(4)                                = 0
futex(0x7f696a9c4400, FUTEX_WAKE_PRIVATE, 2147483647) = 0
futex(0x7f696a9c43a8, FUTEX_WAKE_PRIVATE, 2147483647) = 0
fstat(1, {st_mode=S_IFCHR|0600, st_rdev=makedev(136, 0), ...}) = 0
write(1, "\n", 1)                       = 1
write(1, "EGL : failed to obtain display\n", 31) = 31
getpid()                                = 2018
exit_group(-1)                          = ?
+++ exited with 255 +++
